{"C:\\Users\\Luis Martinez\\Desktop\\dev\\Wompi(Prueba)\\frontend\\src\\App.tsx": {"path":"C:\\Users\\Luis Martinez\\Desktop\\dev\\Wompi(Prueba)\\frontend\\src\\App.tsx","statementMap":{"0":{"start":{"line":1,"column":0},"end":{"line":1,"column":49}},"1":{"start":{"line":2,"column":0},"end":{"line":2,"column":29}},"2":{"start":{"line":3,"column":0},"end":{"line":3,"column":37}},"3":{"start":{"line":4,"column":0},"end":{"line":4,"column":38}},"4":{"start":{"line":5,"column":0},"end":{"line":5,"column":47}},"5":{"start":{"line":6,"column":0},"end":{"line":6,"column":47}},"6":{"start":{"line":9,"column":2},"end":{"line":14,"column":null}},"7":{"start":{"line":17,"column":0},"end":{"line":17,"column":null}}},"fnMap":{"0":{"name":"App","decl":{"start":{"line":8,"column":9},"end":{"line":8,"column":12}},"loc":{"start":{"line":8,"column":12},"end":{"line":15,"column":1}}}},"branchMap":{},"s":{"0":1,"1":1,"2":1,"3":1,"4":1,"5":1,"6":1,"7":1},"f":{"0":1},"b":{}}
,"C:\\Users\\Luis Martinez\\Desktop\\dev\\Wompi(Prueba)\\frontend\\src\\router.tsx": {"path":"C:\\Users\\Luis Martinez\\Desktop\\dev\\Wompi(Prueba)\\frontend\\src\\router.tsx","statementMap":{"0":{"start":{"line":1,"column":0},"end":{"line":1,"column":55}},"1":{"start":{"line":2,"column":0},"end":{"line":2,"column":38}},"2":{"start":{"line":5,"column":15},"end":{"line":10,"column":2}},"3":{"start":{"line":12,"column":0},"end":{"line":12,"column":null}}},"fnMap":{},"branchMap":{},"s":{"0":1,"1":1,"2":1,"3":1},"f":{},"b":{}}
,"C:\\Users\\Luis Martinez\\Desktop\\dev\\Wompi(Prueba)\\frontend\\src\\components\\Backdrop.tsx": {"path":"C:\\Users\\Luis Martinez\\Desktop\\dev\\Wompi(Prueba)\\frontend\\src\\components\\Backdrop.tsx","statementMap":{"0":{"start":{"line":1,"column":0},"end":{"line":1,"column":52}},"1":{"start":{"line":2,"column":0},"end":{"line":2,"column":80}},"2":{"start":{"line":3,"column":0},"end":{"line":3,"column":55}},"3":{"start":{"line":12,"column":42},"end":{"line":44,"column":1}},"4":{"start":{"line":13,"column":26},"end":{"line":15,"column":4}},"5":{"start":{"line":16,"column":28},"end":{"line":16,"column":92}},"6":{"start":{"line":16,"column":60},"end":{"line":16,"column":91}},"7":{"start":{"line":17,"column":19},"end":{"line":17,"column":45}},"8":{"start":{"line":19,"column":2},"end":{"line":24,"column":null}},"9":{"start":{"line":20,"column":4},"end":{"line":20,"column":null}},"10":{"start":{"line":21,"column":4},"end":{"line":23,"column":5}},"11":{"start":{"line":22,"column":6},"end":{"line":22,"column":null}},"12":{"start":{"line":26,"column":2},"end":{"line":43,"column":4}},"13":{"start":{"line":46,"column":0},"end":{"line":46,"column":24}}},"fnMap":{"0":{"name":"(anonymous_0)","decl":{"start":{"line":12,"column":42},"end":{"line":12,"column":43}},"loc":{"start":{"line":12,"column":74},"end":{"line":44,"column":1}}},"1":{"name":"(anonymous_1)","decl":{"start":{"line":16,"column":51},"end":{"line":16,"column":56}},"loc":{"start":{"line":16,"column":60},"end":{"line":16,"column":91}}},"2":{"name":"(anonymous_2)","decl":{"start":{"line":19,"column":12},"end":{"line":19,"column":14}},"loc":{"start":{"line":19,"column":16},"end":{"line":24,"column":3}}}},"branchMap":{"0":{"loc":{"start":{"line":14,"column":4},"end":{"line":14,"column":null}},"type":"cond-expr","locations":[{"start":{"line":14,"column":11},"end":{"line":14,"column":20}},{"start":{"line":14,"column":23},"end":{"line":14,"column":null}}]},"1":{"loc":{"start":{"line":21,"column":4},"end":{"line":23,"column":5}},"type":"if","locations":[{"start":{"line":21,"column":4},"end":{"line":23,"column":5}}]},"2":{"loc":{"start":{"line":21,"column":8},"end":{"line":21,"column":90}},"type":"binary-expr","locations":[{"start":{"line":21,"column":8},"end":{"line":21,"column":13}},{"start":{"line":21,"column":19},"end":{"line":21,"column":89}}]},"3":{"loc":{"start":{"line":29,"column":7},"end":{"line":40,"column":null}},"type":"binary-expr","locations":[{"start":{"line":29,"column":7},"end":{"line":29,"column":11}},{"start":{"line":30,"column":8},"end":{"line":39,"column":null}}]}},"s":{"0":3,"1":3,"2":3,"3":3,"4":4,"5":4,"6":8,"7":4,"8":4,"9":4,"10":4,"11":1,"12":4,"13":3},"f":{"0":4,"1":8,"2":4},"b":{"0":[1,3],"1":[1],"2":[4,3],"3":[4,1]}}
,"C:\\Users\\Luis Martinez\\Desktop\\dev\\Wompi(Prueba)\\frontend\\src\\components\\CustomerFeedback.tsx": {"path":"C:\\Users\\Luis Martinez\\Desktop\\dev\\Wompi(Prueba)\\frontend\\src\\components\\CustomerFeedback.tsx","statementMap":{"0":{"start":{"line":2,"column":0},"end":{"line":2,"column":42}},"1":{"start":{"line":4,"column":0},"end":{"line":4,"column":76}},"2":{"start":{"line":5,"column":0},"end":{"line":5,"column":65}},"3":{"start":{"line":11,"column":58},"end":{"line":62,"column":1}},"4":{"start":{"line":12,"column":28},"end":{"line":13,"column":null}},"5":{"start":{"line":13,"column":15},"end":{"line":13,"column":46}},"6":{"start":{"line":16,"column":31},"end":{"line":44,"column":3}},"7":{"start":{"line":20,"column":4},"end":{"line":33,"column":5}},"8":{"start":{"line":22,"column":8},"end":{"line":22,"column":74}},"9":{"start":{"line":23,"column":8},"end":{"line":23,"column":58}},"10":{"start":{"line":24,"column":8},"end":{"line":24,"column":14}},"11":{"start":{"line":26,"column":8},"end":{"line":26,"column":72}},"12":{"start":{"line":27,"column":8},"end":{"line":27,"column":78}},"13":{"start":{"line":28,"column":8},"end":{"line":28,"column":14}},"14":{"start":{"line":30,"column":8},"end":{"line":30,"column":72}},"15":{"start":{"line":31,"column":8},"end":{"line":31,"column":48}},"16":{"start":{"line":32,"column":8},"end":{"line":32,"column":14}},"17":{"start":{"line":35,"column":4},"end":{"line":43,"column":6}},"18":{"start":{"line":46,"column":2},"end":{"line":61,"column":4}},"19":{"start":{"line":53,"column":26},"end":{"line":53,"column":39}},"20":{"start":{"line":64,"column":0},"end":{"line":64,"column":32}}},"fnMap":{"0":{"name":"(anonymous_0)","decl":{"start":{"line":11,"column":58},"end":{"line":11,"column":59}},"loc":{"start":{"line":11,"column":77},"end":{"line":62,"column":1}}},"1":{"name":"(anonymous_1)","decl":{"start":{"line":13,"column":4},"end":{"line":13,"column":5}},"loc":{"start":{"line":13,"column":15},"end":{"line":13,"column":46}}},"2":{"name":"(anonymous_2)","decl":{"start":{"line":16,"column":31},"end":{"line":16,"column":34}},"loc":{"start":{"line":16,"column":36},"end":{"line":44,"column":3}}},"3":{"name":"(anonymous_3)","decl":{"start":{"line":53,"column":21},"end":{"line":53,"column":23}},"loc":{"start":{"line":53,"column":26},"end":{"line":53,"column":39}}}},"branchMap":{"0":{"loc":{"start":{"line":20,"column":4},"end":{"line":33,"column":5}},"type":"switch","locations":[{"start":{"line":21,"column":6},"end":{"line":24,"column":14}},{"start":{"line":25,"column":6},"end":{"line":28,"column":14}},{"start":{"line":29,"column":6},"end":{"line":32,"column":14}}]},"1":{"loc":{"start":{"line":50,"column":8},"end":{"line":57,"column":null}},"type":"binary-expr","locations":[{"start":{"line":50,"column":8},"end":{"line":50,"column":80}},{"start":{"line":52,"column":10},"end":{"line":54,"column":null}}]}},"s":{"0":3,"1":3,"2":3,"3":3,"4":4,"5":0,"6":4,"7":4,"8":1,"9":1,"10":1,"11":2,"12":2,"13":2,"14":1,"15":1,"16":1,"17":4,"18":4,"19":1,"20":3},"f":{"0":4,"1":0,"2":4,"3":1},"b":{"0":[1,2,1],"1":[4,2]}}
,"C:\\Users\\Luis Martinez\\Desktop\\dev\\Wompi(Prueba)\\frontend\\src\\components\\Details.tsx": {"path":"C:\\Users\\Luis Martinez\\Desktop\\dev\\Wompi(Prueba)\\frontend\\src\\components\\Details.tsx","statementMap":{"0":{"start":{"line":1,"column":0},"end":{"line":1,"column":53}},"1":{"start":{"line":2,"column":0},"end":{"line":2,"column":33}},"2":{"start":{"line":8,"column":40},"end":{"line":19,"column":1}},"3":{"start":{"line":9,"column":2},"end":{"line":18,"column":null}},"4":{"start":{"line":21,"column":0},"end":{"line":21,"column":null}}},"fnMap":{"0":{"name":"(anonymous_1)","decl":{"start":{"line":8,"column":40},"end":{"line":8,"column":41}},"loc":{"start":{"line":8,"column":59},"end":{"line":19,"column":1}}}},"branchMap":{},"s":{"0":3,"1":3,"2":3,"3":2,"4":3},"f":{"0":2},"b":{}}
,"C:\\Users\\Luis Martinez\\Desktop\\dev\\Wompi(Prueba)\\frontend\\src\\components\\FlowPayment.tsx": {"path":"C:\\Users\\Luis Martinez\\Desktop\\dev\\Wompi(Prueba)\\frontend\\src\\components\\FlowPayment.tsx","statementMap":{"0":{"start":{"line":1,"column":0},"end":{"line":1,"column":40}},"1":{"start":{"line":2,"column":0},"end":{"line":2,"column":28}},"2":{"start":{"line":3,"column":0},"end":{"line":3,"column":42}},"3":{"start":{"line":4,"column":0},"end":{"line":4,"column":50}},"4":{"start":{"line":5,"column":0},"end":{"line":5,"column":32}},"5":{"start":{"line":7,"column":30},"end":{"line":27,"column":1}},"6":{"start":{"line":8,"column":42},"end":{"line":8,"column":53}},"7":{"start":{"line":9,"column":23},"end":{"line":11,"column":5}},"8":{"start":{"line":10,"column":8},"end":{"line":10,"column":29}},"9":{"start":{"line":12,"column":18},"end":{"line":16,"column":6}},"10":{"start":{"line":17,"column":4},"end":{"line":26,"column":6}},"11":{"start":{"line":29,"column":0},"end":{"line":29,"column":27}}},"fnMap":{"0":{"name":"(anonymous_1)","decl":{"start":{"line":7,"column":30},"end":{"line":7,"column":33}},"loc":{"start":{"line":7,"column":35},"end":{"line":27,"column":1}}},"1":{"name":"(anonymous_2)","decl":{"start":{"line":9,"column":23},"end":{"line":9,"column":24}},"loc":{"start":{"line":9,"column":39},"end":{"line":11,"column":5}}}},"branchMap":{"0":{"loc":{"start":{"line":21,"column":17},"end":{"line":21,"column":78}},"type":"binary-expr","locations":[{"start":{"line":21,"column":17},"end":{"line":21,"column":34}},{"start":{"line":21,"column":38},"end":{"line":21,"column":78}}]},"1":{"loc":{"start":{"line":22,"column":17},"end":{"line":22,"column":73}},"type":"binary-expr","locations":[{"start":{"line":22,"column":17},"end":{"line":22,"column":34}},{"start":{"line":22,"column":38},"end":{"line":22,"column":73}}]},"2":{"loc":{"start":{"line":23,"column":17},"end":{"line":23,"column":82}},"type":"binary-expr","locations":[{"start":{"line":23,"column":17},"end":{"line":23,"column":34}},{"start":{"line":23,"column":38},"end":{"line":23,"column":82}}]}},"s":{"0":2,"1":2,"2":2,"3":2,"4":2,"5":2,"6":3,"7":3,"8":0,"9":3,"10":3,"11":2},"f":{"0":3,"1":0},"b":{"0":[3,3],"1":[3,0],"2":[3,0]}}
,"C:\\Users\\Luis Martinez\\Desktop\\dev\\Wompi(Prueba)\\frontend\\src\\components\\FormCard.tsx": {"path":"C:\\Users\\Luis Martinez\\Desktop\\dev\\Wompi(Prueba)\\frontend\\src\\components\\FormCard.tsx","statementMap":{"0":{"start":{"line":2,"column":0},"end":{"line":2,"column":48}},"1":{"start":{"line":3,"column":0},"end":{"line":3,"column":27}},"2":{"start":{"line":4,"column":0},"end":{"line":4,"column":55}},"3":{"start":{"line":7,"column":0},"end":{"line":7,"column":66}},"4":{"start":{"line":8,"column":0},"end":{"line":8,"column":39}},"5":{"start":{"line":9,"column":0},"end":{"line":9,"column":57}},"6":{"start":{"line":10,"column":0},"end":{"line":10,"column":67}},"7":{"start":{"line":11,"column":0},"end":{"line":11,"column":35}},"8":{"start":{"line":12,"column":0},"end":{"line":12,"column":80}},"9":{"start":{"line":13,"column":0},"end":{"line":13,"column":60}},"10":{"start":{"line":31,"column":42},"end":{"line":279,"column":1}},"11":{"start":{"line":32,"column":15},"end":{"line":32,"column":74}},"12":{"start":{"line":32,"column":47},"end":{"line":32,"column":65}},"13":{"start":{"line":33,"column":28},"end":{"line":33,"column":102}},"14":{"start":{"line":33,"column":60},"end":{"line":33,"column":91}},"15":{"start":{"line":34,"column":19},"end":{"line":34,"column":45}},"16":{"start":{"line":35,"column":46},"end":{"line":75,"column":4}},"17":{"start":{"line":61,"column":12},"end":{"line":61,"column":94}},"18":{"start":{"line":64,"column":6},"end":{"line":73,"column":7}},"19":{"start":{"line":65,"column":8},"end":{"line":65,"column":null}},"20":{"start":{"line":66,"column":8},"end":{"line":66,"column":32}},"21":{"start":{"line":67,"column":8},"end":{"line":67,"column":null}},"22":{"start":{"line":69,"column":8},"end":{"line":69,"column":null}},"23":{"start":{"line":70,"column":8},"end":{"line":70,"column":null}},"24":{"start":{"line":72,"column":8},"end":{"line":72,"column":null}},"25":{"start":{"line":78,"column":19},"end":{"line":78,"column":61}},"26":{"start":{"line":81,"column":2},"end":{"line":278,"column":4}},"27":{"start":{"line":128,"column":24},"end":{"line":128,"column":44}},"28":{"start":{"line":141,"column":44},"end":{"line":141,"column":68}},"29":{"start":{"line":142,"column":37},"end":{"line":142,"column":56}},"30":{"start":{"line":143,"column":24},"end":{"line":147,"column":26}},"31":{"start":{"line":242,"column":22},"end":{"line":244,"column":24}},"32":{"start":{"line":281,"column":0},"end":{"line":281,"column":24}}},"fnMap":{"0":{"name":"(anonymous_7)","decl":{"start":{"line":31,"column":42},"end":{"line":31,"column":43}},"loc":{"start":{"line":31,"column":61},"end":{"line":279,"column":1}}},"1":{"name":"(anonymous_8)","decl":{"start":{"line":32,"column":38},"end":{"line":32,"column":43}},"loc":{"start":{"line":32,"column":47},"end":{"line":32,"column":65}}},"2":{"name":"(anonymous_9)","decl":{"start":{"line":33,"column":51},"end":{"line":33,"column":56}},"loc":{"start":{"line":33,"column":60},"end":{"line":33,"column":91}}},"3":{"name":"(anonymous_10)","decl":{"start":{"line":61,"column":6},"end":{"line":61,"column":9}},"loc":{"start":{"line":61,"column":12},"end":{"line":61,"column":94}}},"4":{"name":"(anonymous_11)","decl":{"start":{"line":63,"column":14},"end":{"line":63,"column":19}},"loc":{"start":{"line":63,"column":25},"end":{"line":74,"column":5}}},"5":{"name":"(anonymous_12)","decl":{"start":{"line":127,"column":54},"end":{"line":127,"column":55}},"loc":{"start":{"line":128,"column":24},"end":{"line":128,"column":44}}},"6":{"name":"(anonymous_13)","decl":{"start":{"line":140,"column":54},"end":{"line":140,"column":55}},"loc":{"start":{"line":140,"column":67},"end":{"line":148,"column":23}}},"7":{"name":"(anonymous_14)","decl":{"start":{"line":241,"column":51},"end":{"line":241,"column":52}},"loc":{"start":{"line":241,"column":72},"end":{"line":245,"column":21}}}},"branchMap":{"0":{"loc":{"start":{"line":84,"column":8},"end":{"line":274,"column":null}},"type":"cond-expr","locations":[{"start":{"line":86,"column":12},"end":{"line":86,"column":37}},{"start":{"line":89,"column":12},"end":{"line":273,"column":null}}]},"1":{"loc":{"start":{"line":100,"column":55},"end":{"line":100,"column":147}},"type":"cond-expr","locations":[{"start":{"line":100,"column":111},"end":{"line":100,"column":127}},{"start":{"line":100,"column":130},"end":{"line":100,"column":147}}]},"2":{"loc":{"start":{"line":100,"column":55},"end":{"line":100,"column":108}},"type":"binary-expr","locations":[{"start":{"line":100,"column":55},"end":{"line":100,"column":80}},{"start":{"line":100,"column":84},"end":{"line":100,"column":108}}]},"3":{"loc":{"start":{"line":102,"column":17},"end":{"line":103,"column":null}},"type":"binary-expr","locations":[{"start":{"line":102,"column":17},"end":{"line":102,"column":42}},{"start":{"line":102,"column":46},"end":{"line":102,"column":70}},{"start":{"line":103,"column":18},"end":{"line":103,"column":88}}]},"4":{"loc":{"start":{"line":107,"column":28},"end":{"line":107,"column":113}},"type":"cond-expr","locations":[{"start":{"line":107,"column":57},"end":{"line":107,"column":95}},{"start":{"line":107,"column":98},"end":{"line":107,"column":113}}]},"5":{"loc":{"start":{"line":123,"column":53},"end":{"line":123,"column":null}},"type":"cond-expr","locations":[{"start":{"line":123,"column":119},"end":{"line":123,"column":135}},{"start":{"line":123,"column":138},"end":{"line":123,"column":null}}]},"6":{"loc":{"start":{"line":123,"column":53},"end":{"line":123,"column":116}},"type":"binary-expr","locations":[{"start":{"line":123,"column":53},"end":{"line":123,"column":83}},{"start":{"line":123,"column":87},"end":{"line":123,"column":116}}]},"7":{"loc":{"start":{"line":136,"column":53},"end":{"line":136,"column":null}},"type":"cond-expr","locations":[{"start":{"line":136,"column":117},"end":{"line":136,"column":133}},{"start":{"line":136,"column":136},"end":{"line":136,"column":null}}]},"8":{"loc":{"start":{"line":136,"column":53},"end":{"line":136,"column":114}},"type":"binary-expr","locations":[{"start":{"line":136,"column":53},"end":{"line":136,"column":82}},{"start":{"line":136,"column":86},"end":{"line":136,"column":114}}]},"9":{"loc":{"start":{"line":151,"column":19},"end":{"line":154,"column":null}},"type":"binary-expr","locations":[{"start":{"line":151,"column":19},"end":{"line":151,"column":49}},{"start":{"line":151,"column":53},"end":{"line":151,"column":82}},{"start":{"line":152,"column":20},"end":{"line":153,"column":null}}]},"10":{"loc":{"start":{"line":156,"column":19},"end":{"line":159,"column":null}},"type":"binary-expr","locations":[{"start":{"line":156,"column":19},"end":{"line":156,"column":48}},{"start":{"line":156,"column":52},"end":{"line":156,"column":80}},{"start":{"line":157,"column":20},"end":{"line":158,"column":null}}]},"11":{"loc":{"start":{"line":171,"column":57},"end":{"line":171,"column":135}},"type":"cond-expr","locations":[{"start":{"line":171,"column":99},"end":{"line":171,"column":115}},{"start":{"line":171,"column":118},"end":{"line":171,"column":135}}]},"12":{"loc":{"start":{"line":171,"column":57},"end":{"line":171,"column":96}},"type":"binary-expr","locations":[{"start":{"line":171,"column":57},"end":{"line":171,"column":75}},{"start":{"line":171,"column":79},"end":{"line":171,"column":96}}]},"13":{"loc":{"start":{"line":173,"column":19},"end":{"line":174,"column":null}},"type":"binary-expr","locations":[{"start":{"line":173,"column":19},"end":{"line":173,"column":37}},{"start":{"line":173,"column":41},"end":{"line":173,"column":58}},{"start":{"line":174,"column":20},"end":{"line":174,"column":83}}]},"14":{"loc":{"start":{"line":187,"column":55},"end":{"line":187,"column":155}},"type":"cond-expr","locations":[{"start":{"line":187,"column":119},"end":{"line":187,"column":135}},{"start":{"line":187,"column":138},"end":{"line":187,"column":155}}]},"15":{"loc":{"start":{"line":187,"column":55},"end":{"line":187,"column":116}},"type":"binary-expr","locations":[{"start":{"line":187,"column":55},"end":{"line":187,"column":84}},{"start":{"line":187,"column":88},"end":{"line":187,"column":116}}]},"16":{"loc":{"start":{"line":189,"column":17},"end":{"line":190,"column":null}},"type":"binary-expr","locations":[{"start":{"line":189,"column":17},"end":{"line":189,"column":46}},{"start":{"line":189,"column":50},"end":{"line":189,"column":78}},{"start":{"line":190,"column":18},"end":{"line":190,"column":92}}]},"17":{"loc":{"start":{"line":202,"column":52},"end":{"line":202,"column":160}},"type":"cond-expr","locations":[{"start":{"line":202,"column":124},"end":{"line":202,"column":140}},{"start":{"line":202,"column":143},"end":{"line":202,"column":160}}]},"18":{"loc":{"start":{"line":202,"column":52},"end":{"line":202,"column":121}},"type":"binary-expr","locations":[{"start":{"line":202,"column":52},"end":{"line":202,"column":85}},{"start":{"line":202,"column":89},"end":{"line":202,"column":121}}]},"19":{"loc":{"start":{"line":209,"column":19},"end":{"line":210,"column":null}},"type":"binary-expr","locations":[{"start":{"line":209,"column":19},"end":{"line":209,"column":52}},{"start":{"line":209,"column":56},"end":{"line":209,"column":88}},{"start":{"line":210,"column":20},"end":{"line":210,"column":98}}]},"20":{"loc":{"start":{"line":222,"column":57},"end":{"line":222,"column":169}},"type":"cond-expr","locations":[{"start":{"line":222,"column":133},"end":{"line":222,"column":149}},{"start":{"line":222,"column":152},"end":{"line":222,"column":169}}]},"21":{"loc":{"start":{"line":222,"column":57},"end":{"line":222,"column":130}},"type":"binary-expr","locations":[{"start":{"line":222,"column":57},"end":{"line":222,"column":92}},{"start":{"line":222,"column":96},"end":{"line":222,"column":130}}]},"22":{"loc":{"start":{"line":224,"column":19},"end":{"line":225,"column":null}},"type":"binary-expr","locations":[{"start":{"line":224,"column":19},"end":{"line":224,"column":54}},{"start":{"line":224,"column":58},"end":{"line":224,"column":92}},{"start":{"line":225,"column":20},"end":{"line":225,"column":100}}]},"23":{"loc":{"start":{"line":237,"column":50},"end":{"line":237,"column":146}},"type":"cond-expr","locations":[{"start":{"line":237,"column":110},"end":{"line":237,"column":126}},{"start":{"line":237,"column":129},"end":{"line":237,"column":146}}]},"24":{"loc":{"start":{"line":237,"column":50},"end":{"line":237,"column":107}},"type":"binary-expr","locations":[{"start":{"line":237,"column":50},"end":{"line":237,"column":77}},{"start":{"line":237,"column":81},"end":{"line":237,"column":107}}]},"25":{"loc":{"start":{"line":248,"column":17},"end":{"line":249,"column":null}},"type":"binary-expr","locations":[{"start":{"line":248,"column":17},"end":{"line":248,"column":44}},{"start":{"line":248,"column":48},"end":{"line":248,"column":74}},{"start":{"line":249,"column":18},"end":{"line":249,"column":90}}]},"26":{"loc":{"start":{"line":265,"column":17},"end":{"line":266,"column":null}},"type":"binary-expr","locations":[{"start":{"line":265,"column":17},"end":{"line":265,"column":50}},{"start":{"line":265,"column":54},"end":{"line":265,"column":86}},{"start":{"line":266,"column":18},"end":{"line":266,"column":96}}]}},"s":{"0":2,"1":2,"2":2,"3":2,"4":2,"5":2,"6":2,"7":2,"8":2,"9":2,"10":2,"11":0,"12":0,"13":0,"14":0,"15":0,"16":0,"17":0,"18":0,"19":0,"20":0,"21":0,"22":0,"23":0,"24":0,"25":0,"26":0,"27":0,"28":0,"29":0,"30":0,"31":0,"32":2},"f":{"0":0,"1":0,"2":0,"3":0,"4":0,"5":0,"6":0,"7":0},"b":{"0":[0,0],"1":[0,0],"2":[0,0],"3":[0,0,0],"4":[0,0],"5":[0,0],"6":[0,0],"7":[0,0],"8":[0,0],"9":[0,0,0],"10":[0,0,0],"11":[0,0],"12":[0,0],"13":[0,0,0],"14":[0,0],"15":[0,0],"16":[0,0,0],"17":[0,0],"18":[0,0],"19":[0,0,0],"20":[0,0],"21":[0,0],"22":[0,0,0],"23":[0,0],"24":[0,0],"25":[0,0,0],"26":[0,0,0]}}
,"C:\\Users\\Luis Martinez\\Desktop\\dev\\Wompi(Prueba)\\frontend\\src\\components\\FormCustomer.tsx": {"path":"C:\\Users\\Luis Martinez\\Desktop\\dev\\Wompi(Prueba)\\frontend\\src\\components\\FormCustomer.tsx","statementMap":{"0":{"start":{"line":2,"column":0},"end":{"line":2,"column":35}},"1":{"start":{"line":3,"column":0},"end":{"line":3,"column":27}},"2":{"start":{"line":4,"column":0},"end":{"line":4,"column":54}},"3":{"start":{"line":5,"column":0},"end":{"line":5,"column":100}},"4":{"start":{"line":15,"column":50},"end":{"line":119,"column":1}},"5":{"start":{"line":16,"column":15},"end":{"line":16,"column":74}},"6":{"start":{"line":16,"column":47},"end":{"line":16,"column":65}},"7":{"start":{"line":17,"column":19},"end":{"line":17,"column":45}},"8":{"start":{"line":18,"column":17},"end":{"line":36,"column":4}},"9":{"start":{"line":32,"column":6},"end":{"line":32,"column":null}},"10":{"start":{"line":33,"column":6},"end":{"line":33,"column":null}},"11":{"start":{"line":34,"column":6},"end":{"line":34,"column":null}},"12":{"start":{"line":38,"column":2},"end":{"line":118,"column":4}},"13":{"start":{"line":48,"column":32},"end":{"line":48,"column":54}},"14":{"start":{"line":54,"column":32},"end":{"line":54,"column":45}},"15":{"start":{"line":121,"column":0},"end":{"line":121,"column":28}}},"fnMap":{"0":{"name":"(anonymous_6)","decl":{"start":{"line":15,"column":50},"end":{"line":15,"column":51}},"loc":{"start":{"line":15,"column":69},"end":{"line":119,"column":1}}},"1":{"name":"(anonymous_7)","decl":{"start":{"line":16,"column":38},"end":{"line":16,"column":43}},"loc":{"start":{"line":16,"column":47},"end":{"line":16,"column":65}}},"2":{"name":"(anonymous_8)","decl":{"start":{"line":31,"column":14},"end":{"line":31,"column":15}},"loc":{"start":{"line":31,"column":25},"end":{"line":35,"column":5}}},"3":{"name":"(anonymous_9)","decl":{"start":{"line":48,"column":27},"end":{"line":48,"column":29}},"loc":{"start":{"line":48,"column":32},"end":{"line":48,"column":54}}},"4":{"name":"(anonymous_10)","decl":{"start":{"line":54,"column":27},"end":{"line":54,"column":29}},"loc":{"start":{"line":54,"column":32},"end":{"line":54,"column":45}}}},"branchMap":{"0":{"loc":{"start":{"line":41,"column":8},"end":{"line":114,"column":null}},"type":"cond-expr","locations":[{"start":{"line":43,"column":12},"end":{"line":58,"column":null}},{"start":{"line":62,"column":12},"end":{"line":113,"column":null}}]},"1":{"loc":{"start":{"line":71,"column":56},"end":{"line":71,"column":144}},"type":"cond-expr","locations":[{"start":{"line":71,"column":108},"end":{"line":71,"column":124}},{"start":{"line":71,"column":127},"end":{"line":71,"column":144}}]},"2":{"loc":{"start":{"line":71,"column":56},"end":{"line":71,"column":105}},"type":"binary-expr","locations":[{"start":{"line":71,"column":56},"end":{"line":71,"column":79}},{"start":{"line":71,"column":83},"end":{"line":71,"column":105}}]},"3":{"loc":{"start":{"line":73,"column":17},"end":{"line":73,"column":130}},"type":"binary-expr","locations":[{"start":{"line":73,"column":17},"end":{"line":73,"column":40}},{"start":{"line":73,"column":44},"end":{"line":73,"column":66}},{"start":{"line":73,"column":70},"end":{"line":73,"column":130}}]},"4":{"loc":{"start":{"line":83,"column":56},"end":{"line":83,"column":138}},"type":"cond-expr","locations":[{"start":{"line":83,"column":102},"end":{"line":83,"column":118}},{"start":{"line":83,"column":121},"end":{"line":83,"column":138}}]},"5":{"loc":{"start":{"line":83,"column":56},"end":{"line":83,"column":99}},"type":"binary-expr","locations":[{"start":{"line":83,"column":56},"end":{"line":83,"column":76}},{"start":{"line":83,"column":80},"end":{"line":83,"column":99}}]},"6":{"loc":{"start":{"line":85,"column":17},"end":{"line":85,"column":121}},"type":"binary-expr","locations":[{"start":{"line":85,"column":17},"end":{"line":85,"column":37}},{"start":{"line":85,"column":41},"end":{"line":85,"column":60}},{"start":{"line":85,"column":64},"end":{"line":85,"column":121}}]},"7":{"loc":{"start":{"line":95,"column":51},"end":{"line":95,"column":145}},"type":"cond-expr","locations":[{"start":{"line":95,"column":109},"end":{"line":95,"column":125}},{"start":{"line":95,"column":128},"end":{"line":95,"column":145}}]},"8":{"loc":{"start":{"line":95,"column":51},"end":{"line":95,"column":106}},"type":"binary-expr","locations":[{"start":{"line":95,"column":51},"end":{"line":95,"column":77}},{"start":{"line":95,"column":81},"end":{"line":95,"column":106}}]},"9":{"loc":{"start":{"line":108,"column":58},"end":{"line":108,"column":152}},"type":"cond-expr","locations":[{"start":{"line":108,"column":116},"end":{"line":108,"column":132}},{"start":{"line":108,"column":135},"end":{"line":108,"column":152}}]},"10":{"loc":{"start":{"line":108,"column":58},"end":{"line":108,"column":113}},"type":"binary-expr","locations":[{"start":{"line":108,"column":58},"end":{"line":108,"column":84}},{"start":{"line":108,"column":88},"end":{"line":108,"column":113}}]},"11":{"loc":{"start":{"line":111,"column":17},"end":{"line":111,"column":139}},"type":"binary-expr","locations":[{"start":{"line":111,"column":17},"end":{"line":111,"column":43}},{"start":{"line":111,"column":47},"end":{"line":111,"column":72}},{"start":{"line":111,"column":76},"end":{"line":111,"column":139}}]}},"s":{"0":2,"1":2,"2":2,"3":2,"4":2,"5":3,"6":6,"7":3,"8":3,"9":0,"10":0,"11":0,"12":3,"13":0,"14":0,"15":2},"f":{"0":3,"1":6,"2":0,"3":0,"4":0},"b":{"0":[0,3],"1":[0,3],"2":[3,0],"3":[3,0,0],"4":[0,3],"5":[3,0],"6":[3,0,0],"7":[0,3],"8":[3,0],"9":[0,3],"10":[3,0],"11":[3,0,0]}}
,"C:\\Users\\Luis Martinez\\Desktop\\dev\\Wompi(Prueba)\\frontend\\src\\components\\LoadingProcessPayment.tsx": {"path":"C:\\Users\\Luis Martinez\\Desktop\\dev\\Wompi(Prueba)\\frontend\\src\\components\\LoadingProcessPayment.tsx","statementMap":{"0":{"start":{"line":3,"column":40},"end":{"line":10,"column":1}},"1":{"start":{"line":4,"column":2},"end":{"line":9,"column":4}},"2":{"start":{"line":12,"column":0},"end":{"line":12,"column":37}}},"fnMap":{"0":{"name":"(anonymous_0)","decl":{"start":{"line":3,"column":40},"end":{"line":3,"column":43}},"loc":{"start":{"line":3,"column":45},"end":{"line":10,"column":1}}}},"branchMap":{},"s":{"0":2,"1":0,"2":2},"f":{"0":0},"b":{}}
,"C:\\Users\\Luis Martinez\\Desktop\\dev\\Wompi(Prueba)\\frontend\\src\\components\\Steps.tsx": {"path":"C:\\Users\\Luis Martinez\\Desktop\\dev\\Wompi(Prueba)\\frontend\\src\\components\\Steps.tsx","statementMap":{"0":{"start":{"line":8,"column":36},"end":{"line":23,"column":1}},"1":{"start":{"line":9,"column":4},"end":{"line":22,"column":6}},"2":{"start":{"line":12,"column":16},"end":{"line":12,"column":33}},"3":{"start":{"line":25,"column":0},"end":{"line":25,"column":21}}},"fnMap":{"0":{"name":"(anonymous_0)","decl":{"start":{"line":8,"column":36},"end":{"line":8,"column":37}},"loc":{"start":{"line":8,"column":63},"end":{"line":23,"column":1}}},"1":{"name":"(anonymous_1)","decl":{"start":{"line":11,"column":23},"end":{"line":11,"column":24}},"loc":{"start":{"line":12,"column":16},"end":{"line":12,"column":33}}}},"branchMap":{"0":{"loc":{"start":{"line":12,"column":83},"end":{"line":12,"column":140}},"type":"cond-expr","locations":[{"start":{"line":12,"column":106},"end":{"line":12,"column":122}},{"start":{"line":12,"column":125},"end":{"line":12,"column":140}}]},"1":{"loc":{"start":{"line":14,"column":114},"end":{"line":14,"column":192}},"type":"cond-expr","locations":[{"start":{"line":14,"column":137},"end":{"line":14,"column":162}},{"start":{"line":14,"column":165},"end":{"line":14,"column":192}}]},"2":{"loc":{"start":{"line":18,"column":39},"end":{"line":18,"column":78}},"type":"cond-expr","locations":[{"start":{"line":18,"column":62},"end":{"line":18,"column":73}},{"start":{"line":18,"column":76},"end":{"line":18,"column":78}}]}},"s":{"0":2,"1":3,"2":9,"3":2},"f":{"0":3,"1":9},"b":{"0":[3,6],"1":[3,6],"2":[3,6]}}
,"C:\\Users\\Luis Martinez\\Desktop\\dev\\Wompi(Prueba)\\frontend\\src\\redux\\store.ts": {"path":"C:\\Users\\Luis Martinez\\Desktop\\dev\\Wompi(Prueba)\\frontend\\src\\redux\\store.ts","statementMap":{"0":{"start":{"line":1,"column":0},"end":{"line":1,"column":49}},"1":{"start":{"line":2,"column":0},"end":{"line":2,"column":48}},"2":{"start":{"line":3,"column":13},"end":{"line":7,"column":null}}},"fnMap":{},"branchMap":{},"s":{"0":3,"1":3,"2":3},"f":{},"b":{}}
,"C:\\Users\\Luis Martinez\\Desktop\\dev\\Wompi(Prueba)\\frontend\\src\\redux\\slices\\paymentSlice.ts": {"path":"C:\\Users\\Luis Martinez\\Desktop\\dev\\Wompi(Prueba)\\frontend\\src\\redux\\slices\\paymentSlice.ts","statementMap":{"0":{"start":{"line":1,"column":0},"end":{"line":1,"column":46}},"1":{"start":{"line":5,"column":27},"end":{"line":5,"column":43}},"2":{"start":{"line":6,"column":22},"end":{"line":6,"column":33}},"3":{"start":{"line":8,"column":0},"end":{"line":8,"column":null}},"4":{"start":{"line":9,"column":4},"end":{"line":9,"column":null}},"5":{"start":{"line":10,"column":4},"end":{"line":10,"column":null}},"6":{"start":{"line":11,"column":4},"end":{"line":11,"column":null}},"7":{"start":{"line":12,"column":4},"end":{"line":12,"column":null}},"8":{"start":{"line":13,"column":4},"end":{"line":13,"column":null}},"9":{"start":{"line":21,"column":35},"end":{"line":24,"column":null}},"10":{"start":{"line":26,"column":13},"end":{"line":48,"column":null}},"11":{"start":{"line":31,"column":8},"end":{"line":31,"column":null}},"12":{"start":{"line":32,"column":8},"end":{"line":32,"column":null}},"13":{"start":{"line":35,"column":8},"end":{"line":35,"column":36}},"14":{"start":{"line":36,"column":8},"end":{"line":36,"column":null}},"15":{"start":{"line":39,"column":8},"end":{"line":39,"column":24}},"16":{"start":{"line":40,"column":8},"end":{"line":40,"column":null}},"17":{"start":{"line":41,"column":8},"end":{"line":41,"column":null}},"18":{"start":{"line":42,"column":8},"end":{"line":42,"column":null}},"19":{"start":{"line":45,"column":8},"end":{"line":45,"column":null}},"20":{"start":{"line":50,"column":13},"end":{"line":50,"column":69}},"21":{"start":{"line":52,"column":0},"end":{"line":52,"column":null}}},"fnMap":{"0":{"name":"(anonymous_0)","decl":{"start":{"line":8,"column":0},"end":{"line":8,"column":12}},"loc":{"start":{"line":8,"column":29},"end":{"line":14,"column":1}}},"1":{"name":"(anonymous_1)","decl":{"start":{"line":30,"column":19},"end":{"line":30,"column":20}},"loc":{"start":{"line":30,"column":71},"end":{"line":33,"column":5}}},"2":{"name":"(anonymous_2)","decl":{"start":{"line":34,"column":13},"end":{"line":34,"column":14}},"loc":{"start":{"line":34,"column":52},"end":{"line":37,"column":5}}},"3":{"name":"(anonymous_3)","decl":{"start":{"line":38,"column":16},"end":{"line":38,"column":17}},"loc":{"start":{"line":38,"column":26},"end":{"line":43,"column":5}}},"4":{"name":"(anonymous_4)","decl":{"start":{"line":44,"column":19},"end":{"line":44,"column":20}},"loc":{"start":{"line":44,"column":29},"end":{"line":46,"column":5}}}},"branchMap":{"0":{"loc":{"start":{"line":8,"column":12},"end":{"line":8,"column":null}},"type":"binary-expr","locations":[{"start":{"line":8,"column":12},"end":{"line":8,"column":29}},{"start":{"line":8,"column":29},"end":{"line":8,"column":null}}]},"1":{"loc":{"start":{"line":22,"column":21},"end":{"line":22,"column":119}},"type":"binary-expr","locations":[{"start":{"line":22,"column":21},"end":{"line":22,"column":83}},{"start":{"line":22,"column":87},"end":{"line":22,"column":119}}]},"2":{"loc":{"start":{"line":23,"column":8},"end":{"line":23,"column":71}},"type":"binary-expr","locations":[{"start":{"line":23,"column":8},"end":{"line":23,"column":65}},{"start":{"line":23,"column":69},"end":{"line":23,"column":71}}]}},"s":{"0":5,"1":5,"2":5,"3":5,"4":5,"5":5,"6":5,"7":5,"8":5,"9":5,"10":5,"11":2,"12":2,"13":1,"14":1,"15":1,"16":1,"17":1,"18":1,"19":1,"20":5,"21":5},"f":{"0":5,"1":2,"2":1,"3":1,"4":1},"b":{"0":[5,5],"1":[5,5],"2":[5,5]}}
,"C:\\Users\\Luis Martinez\\Desktop\\dev\\Wompi(Prueba)\\frontend\\src\\services\\simulateApi.service.ts": {"path":"C:\\Users\\Luis Martinez\\Desktop\\dev\\Wompi(Prueba)\\frontend\\src\\services\\simulateApi.service.ts","statementMap":{"0":{"start":{"line":1,"column":31},"end":{"line":12,"column":1}},"1":{"start":{"line":2,"column":26},"end":{"line":2,"column":45}},"2":{"start":{"line":3,"column":4},"end":{"line":11,"column":7}},"3":{"start":{"line":4,"column":6},"end":{"line":10,"column":15}},"4":{"start":{"line":5,"column":8},"end":{"line":9,"column":9}},"5":{"start":{"line":6,"column":10},"end":{"line":6,"column":50}},"6":{"start":{"line":8,"column":10},"end":{"line":8,"column":43}},"7":{"start":{"line":1,"column":13},"end":{"line":1,"column":31}}},"fnMap":{"0":{"name":"(anonymous_0)","decl":{"start":{"line":1,"column":31},"end":{"line":1,"column":36}},"loc":{"start":{"line":1,"column":42},"end":{"line":12,"column":1}}},"1":{"name":"(anonymous_1)","decl":{"start":{"line":3,"column":23},"end":{"line":3,"column":24}},"loc":{"start":{"line":3,"column":43},"end":{"line":11,"column":5}}},"2":{"name":"(anonymous_2)","decl":{"start":{"line":4,"column":17},"end":{"line":4,"column":20}},"loc":{"start":{"line":4,"column":22},"end":{"line":10,"column":7}}}},"branchMap":{"0":{"loc":{"start":{"line":5,"column":8},"end":{"line":9,"column":9}},"type":"if","locations":[{"start":{"line":5,"column":8},"end":{"line":9,"column":9}},{"start":{"line":7,"column":15},"end":{"line":9,"column":9}}]}},"s":{"0":2,"1":0,"2":0,"3":0,"4":0,"5":0,"6":0,"7":2},"f":{"0":0,"1":0,"2":0},"b":{"0":[0,0]}}
,"C:\\Users\\Luis Martinez\\Desktop\\dev\\Wompi(Prueba)\\frontend\\src\\utils\\identifyCardType.ts": {"path":"C:\\Users\\Luis Martinez\\Desktop\\dev\\Wompi(Prueba)\\frontend\\src\\utils\\identifyCardType.ts","statementMap":{"0":{"start":{"line":1,"column":25},"end":{"line":11,"column":1}},"1":{"start":{"line":2,"column":4},"end":{"line":10,"column":5}},"2":{"start":{"line":3,"column":6},"end":{"line":3,"column":20}},"3":{"start":{"line":4,"column":11},"end":{"line":10,"column":5}},"4":{"start":{"line":5,"column":6},"end":{"line":5,"column":26}},"5":{"start":{"line":6,"column":11},"end":{"line":10,"column":5}},"6":{"start":{"line":7,"column":6},"end":{"line":7,"column":31}},"7":{"start":{"line":9,"column":6},"end":{"line":9,"column":27}},"8":{"start":{"line":13,"column":0},"end":{"line":13,"column":null}}},"fnMap":{"0":{"name":"(anonymous_0)","decl":{"start":{"line":1,"column":25},"end":{"line":1,"column":26}},"loc":{"start":{"line":1,"column":48},"end":{"line":11,"column":1}}}},"branchMap":{"0":{"loc":{"start":{"line":2,"column":4},"end":{"line":10,"column":5}},"type":"if","locations":[{"start":{"line":2,"column":4},"end":{"line":10,"column":5}},{"start":{"line":4,"column":11},"end":{"line":10,"column":5}}]},"1":{"loc":{"start":{"line":4,"column":11},"end":{"line":10,"column":5}},"type":"if","locations":[{"start":{"line":4,"column":11},"end":{"line":10,"column":5}},{"start":{"line":6,"column":11},"end":{"line":10,"column":5}}]},"2":{"loc":{"start":{"line":6,"column":11},"end":{"line":10,"column":5}},"type":"if","locations":[{"start":{"line":6,"column":11},"end":{"line":10,"column":5}},{"start":{"line":8,"column":11},"end":{"line":10,"column":5}}]}},"s":{"0":3,"1":4,"2":1,"3":3,"4":1,"5":2,"6":1,"7":1,"8":3},"f":{"0":4},"b":{"0":[1,3],"1":[1,2],"2":[1,1]}}
,"C:\\Users\\Luis Martinez\\Desktop\\dev\\Wompi(Prueba)\\frontend\\src\\utils\\isExpirationDateValid.ts": {"path":"C:\\Users\\Luis Martinez\\Desktop\\dev\\Wompi(Prueba)\\frontend\\src\\utils\\isExpirationDateValid.ts","statementMap":{"0":{"start":{"line":1,"column":30},"end":{"line":12,"column":3}},"1":{"start":{"line":2,"column":4},"end":{"line":2,"column":38}},"2":{"start":{"line":2,"column":25},"end":{"line":2,"column":38}},"3":{"start":{"line":4,"column":24},"end":{"line":4,"column":48}},"4":{"start":{"line":5,"column":25},"end":{"line":5,"column":50}},"5":{"start":{"line":6,"column":27},"end":{"line":6,"column":45}},"6":{"start":{"line":7,"column":28},"end":{"line":7,"column":47}},"7":{"start":{"line":9,"column":4},"end":{"line":9,"column":122}},"8":{"start":{"line":9,"column":109},"end":{"line":9,"column":122}},"9":{"start":{"line":11,"column":4},"end":{"line":11,"column":16}},"10":{"start":{"line":14,"column":0},"end":{"line":14,"column":null}}},"fnMap":{"0":{"name":"(anonymous_0)","decl":{"start":{"line":1,"column":30},"end":{"line":1,"column":31}},"loc":{"start":{"line":1,"column":71},"end":{"line":12,"column":3}}}},"branchMap":{"0":{"loc":{"start":{"line":2,"column":4},"end":{"line":2,"column":38}},"type":"if","locations":[{"start":{"line":2,"column":4},"end":{"line":2,"column":38}}]},"1":{"loc":{"start":{"line":2,"column":8},"end":{"line":2,"column":23}},"type":"binary-expr","locations":[{"start":{"line":2,"column":8},"end":{"line":2,"column":14}},{"start":{"line":2,"column":18},"end":{"line":2,"column":23}}]},"2":{"loc":{"start":{"line":9,"column":4},"end":{"line":9,"column":122}},"type":"if","locations":[{"start":{"line":9,"column":4},"end":{"line":9,"column":122}}]},"3":{"loc":{"start":{"line":9,"column":9},"end":{"line":9,"column":107}},"type":"binary-expr","locations":[{"start":{"line":9,"column":9},"end":{"line":9,"column":37}},{"start":{"line":9,"column":42},"end":{"line":9,"column":72}},{"start":{"line":9,"column":76},"end":{"line":9,"column":106}}]}},"s":{"0":3,"1":4,"2":1,"3":3,"4":3,"5":3,"6":3,"7":3,"8":2,"9":1,"10":3},"f":{"0":4},"b":{"0":[1],"1":[4,4],"2":[2],"3":[3,1,0]}}
,"C:\\Users\\Luis Martinez\\Desktop\\dev\\Wompi(Prueba)\\frontend\\src\\utils\\logos.ts": {"path":"C:\\Users\\Luis Martinez\\Desktop\\dev\\Wompi(Prueba)\\frontend\\src\\utils\\logos.ts","statementMap":{"0":{"start":{"line":1,"column":0},"end":{"line":1,"column":46}},"1":{"start":{"line":2,"column":0},"end":{"line":2,"column":58}},"2":{"start":{"line":3,"column":0},"end":{"line":3,"column":55}},"3":{"start":{"line":5,"column":14},"end":{"line":9,"column":null}},"4":{"start":{"line":11,"column":0},"end":{"line":11,"column":null}}},"fnMap":{},"branchMap":{},"s":{"0":2,"1":2,"2":2,"3":2,"4":2},"f":{},"b":{}}
,"C:\\Users\\Luis Martinez\\Desktop\\dev\\Wompi(Prueba)\\frontend\\src\\views\\Product.tsx": {"path":"C:\\Users\\Luis Martinez\\Desktop\\dev\\Wompi(Prueba)\\frontend\\src\\views\\Product.tsx","statementMap":{"0":{"start":{"line":1,"column":0},"end":{"line":1,"column":46}},"1":{"start":{"line":2,"column":0},"end":{"line":2,"column":58}},"2":{"start":{"line":3,"column":0},"end":{"line":3,"column":55}},"3":{"start":{"line":4,"column":0},"end":{"line":4,"column":32}},"4":{"start":{"line":5,"column":0},"end":{"line":5,"column":45}},"5":{"start":{"line":6,"column":0},"end":{"line":6,"column":51}},"6":{"start":{"line":9,"column":15},"end":{"line":32,"column":1}},"7":{"start":{"line":10,"column":2},"end":{"line":31,"column":null}},"8":{"start":{"line":34,"column":34},"end":{"line":45,"column":1}},"9":{"start":{"line":35,"column":2},"end":{"line":44,"column":4}},"10":{"start":{"line":34,"column":13},"end":{"line":34,"column":34}},"11":{"start":{"line":49,"column":16},"end":{"line":87,"column":1}},"12":{"start":{"line":50,"column":36},"end":{"line":50,"column":60}},"13":{"start":{"line":51,"column":22},"end":{"line":53,"column":3}},"14":{"start":{"line":52,"column":4},"end":{"line":52,"column":29}},"15":{"start":{"line":55,"column":2},"end":{"line":86,"column":null}},"16":{"start":{"line":89,"column":0},"end":{"line":89,"column":null}}},"fnMap":{"0":{"name":"(anonymous_1)","decl":{"start":{"line":9,"column":15},"end":{"line":9,"column":18}},"loc":{"start":{"line":9,"column":20},"end":{"line":32,"column":1}}},"1":{"name":"(anonymous_2)","decl":{"start":{"line":34,"column":34},"end":{"line":34,"column":35}},"loc":{"start":{"line":34,"column":76},"end":{"line":45,"column":1}}},"2":{"name":"(anonymous_3)","decl":{"start":{"line":49,"column":16},"end":{"line":49,"column":19}},"loc":{"start":{"line":49,"column":21},"end":{"line":87,"column":1}}},"3":{"name":"(anonymous_4)","decl":{"start":{"line":51,"column":22},"end":{"line":51,"column":25}},"loc":{"start":{"line":51,"column":27},"end":{"line":53,"column":3}}}},"branchMap":{},"s":{"0":2,"1":2,"2":2,"3":2,"4":2,"5":2,"6":2,"7":1,"8":2,"9":1,"10":2,"11":2,"12":1,"13":1,"14":0,"15":1,"16":2},"f":{"0":1,"1":1,"2":1,"3":0},"b":{}}
}
