TN:
SF:src\App.tsx
FN:8,App
FNF:1
FNH:1
FNDA:1,App
DA:1,1
DA:2,1
DA:3,1
DA:4,1
DA:5,1
DA:6,1
DA:9,1
DA:17,1
LF:8
LH:8
BRF:0
BRH:0
end_of_record
TN:
SF:src\router.tsx
FNF:0
FNH:0
DA:1,1
DA:2,1
DA:5,1
DA:12,1
LF:4
LH:4
BRF:0
BRH:0
end_of_record
TN:
SF:src\components\Backdrop.tsx
FN:12,(anonymous_0)
FN:16,(anonymous_1)
FN:19,(anonymous_2)
FNF:3
FNH:3
FNDA:4,(anonymous_0)
FNDA:8,(anonymous_1)
FNDA:4,(anonymous_2)
DA:1,3
DA:2,3
DA:3,3
DA:12,3
DA:13,4
DA:16,8
DA:17,4
DA:19,4
DA:20,4
DA:21,4
DA:22,1
DA:26,4
DA:46,3
LF:13
LH:13
BRDA:14,0,0,1
BRDA:14,0,1,3
BRDA:21,1,0,1
BRDA:21,2,0,4
BRDA:21,2,1,3
BRDA:29,3,0,4
BRDA:29,3,1,1
BRF:7
BRH:7
end_of_record
TN:
SF:src\components\CustomerFeedback.tsx
FN:11,(anonymous_0)
FN:13,(anonymous_1)
FN:16,(anonymous_2)
FN:53,(anonymous_3)
FNF:4
FNH:3
FNDA:4,(anonymous_0)
FNDA:0,(anonymous_1)
FNDA:4,(anonymous_2)
FNDA:1,(anonymous_3)
DA:2,3
DA:4,3
DA:5,3
DA:11,3
DA:12,4
DA:13,0
DA:16,4
DA:20,4
DA:22,1
DA:23,1
DA:24,1
DA:26,2
DA:27,2
DA:28,2
DA:30,1
DA:31,1
DA:32,1
DA:35,4
DA:46,4
DA:53,1
DA:64,3
LF:21
LH:20
BRDA:20,0,0,1
BRDA:20,0,1,2
BRDA:20,0,2,1
BRDA:50,1,0,4
BRDA:50,1,1,2
BRF:5
BRH:5
end_of_record
TN:
SF:src\components\Details.tsx
FN:8,(anonymous_1)
FNF:1
FNH:1
FNDA:2,(anonymous_1)
DA:1,3
DA:2,3
DA:8,3
DA:9,2
DA:21,3
LF:5
LH:5
BRF:0
BRH:0
end_of_record
TN:
SF:src\components\FlowPayment.tsx
FN:7,(anonymous_1)
FN:9,(anonymous_2)
FNF:2
FNH:1
FNDA:3,(anonymous_1)
FNDA:0,(anonymous_2)
DA:1,2
DA:2,2
DA:3,2
DA:4,2
DA:5,2
DA:7,2
DA:8,3
DA:9,3
DA:10,0
DA:12,3
DA:17,3
DA:29,2
LF:12
LH:11
BRDA:21,0,0,3
BRDA:21,0,1,3
BRDA:22,1,0,3
BRDA:22,1,1,0
BRDA:23,2,0,3
BRDA:23,2,1,0
BRF:6
BRH:4
end_of_record
TN:
SF:src\components\FormCard.tsx
FN:31,(anonymous_7)
FN:32,(anonymous_8)
FN:33,(anonymous_9)
FN:61,(anonymous_10)
FN:63,(anonymous_11)
FN:127,(anonymous_12)
FN:140,(anonymous_13)
FN:241,(anonymous_14)
FNF:8
FNH:0
FNDA:0,(anonymous_7)
FNDA:0,(anonymous_8)
FNDA:0,(anonymous_9)
FNDA:0,(anonymous_10)
FNDA:0,(anonymous_11)
FNDA:0,(anonymous_12)
FNDA:0,(anonymous_13)
FNDA:0,(anonymous_14)
DA:2,2
DA:3,2
DA:4,2
DA:7,2
DA:8,2
DA:9,2
DA:10,2
DA:11,2
DA:12,2
DA:13,2
DA:31,2
DA:32,0
DA:33,0
DA:34,0
DA:35,0
DA:61,0
DA:64,0
DA:65,0
DA:66,0
DA:67,0
DA:69,0
DA:70,0
DA:72,0
DA:78,0
DA:81,0
DA:128,0
DA:141,0
DA:142,0
DA:143,0
DA:242,0
DA:281,2
LF:31
LH:12
BRDA:84,0,0,0
BRDA:84,0,1,0
BRDA:100,1,0,0
BRDA:100,1,1,0
BRDA:100,2,0,0
BRDA:100,2,1,0
BRDA:102,3,0,0
BRDA:102,3,1,0
BRDA:102,3,2,0
BRDA:107,4,0,0
BRDA:107,4,1,0
BRDA:123,5,0,0
BRDA:123,5,1,0
BRDA:123,6,0,0
BRDA:123,6,1,0
BRDA:136,7,0,0
BRDA:136,7,1,0
BRDA:136,8,0,0
BRDA:136,8,1,0
BRDA:151,9,0,0
BRDA:151,9,1,0
BRDA:151,9,2,0
BRDA:156,10,0,0
BRDA:156,10,1,0
BRDA:156,10,2,0
BRDA:171,11,0,0
BRDA:171,11,1,0
BRDA:171,12,0,0
BRDA:171,12,1,0
BRDA:173,13,0,0
BRDA:173,13,1,0
BRDA:173,13,2,0
BRDA:187,14,0,0
BRDA:187,14,1,0
BRDA:187,15,0,0
BRDA:187,15,1,0
BRDA:189,16,0,0
BRDA:189,16,1,0
BRDA:189,16,2,0
BRDA:202,17,0,0
BRDA:202,17,1,0
BRDA:202,18,0,0
BRDA:202,18,1,0
BRDA:209,19,0,0
BRDA:209,19,1,0
BRDA:209,19,2,0
BRDA:222,20,0,0
BRDA:222,20,1,0
BRDA:222,21,0,0
BRDA:222,21,1,0
BRDA:224,22,0,0
BRDA:224,22,1,0
BRDA:224,22,2,0
BRDA:237,23,0,0
BRDA:237,23,1,0
BRDA:237,24,0,0
BRDA:237,24,1,0
BRDA:248,25,0,0
BRDA:248,25,1,0
BRDA:248,25,2,0
BRDA:265,26,0,0
BRDA:265,26,1,0
BRDA:265,26,2,0
BRF:63
BRH:0
end_of_record
TN:
SF:src\components\FormCustomer.tsx
FN:15,(anonymous_6)
FN:16,(anonymous_7)
FN:31,(anonymous_8)
FN:48,(anonymous_9)
FN:54,(anonymous_10)
FNF:5
FNH:2
FNDA:3,(anonymous_6)
FNDA:6,(anonymous_7)
FNDA:0,(anonymous_8)
FNDA:0,(anonymous_9)
FNDA:0,(anonymous_10)
DA:2,2
DA:3,2
DA:4,2
DA:5,2
DA:15,2
DA:16,6
DA:17,3
DA:18,3
DA:32,0
DA:33,0
DA:34,0
DA:38,3
DA:48,0
DA:54,0
DA:121,2
LF:15
LH:10
BRDA:41,0,0,0
BRDA:41,0,1,3
BRDA:71,1,0,0
BRDA:71,1,1,3
BRDA:71,2,0,3
BRDA:71,2,1,0
BRDA:73,3,0,3
BRDA:73,3,1,0
BRDA:73,3,2,0
BRDA:83,4,0,0
BRDA:83,4,1,3
BRDA:83,5,0,3
BRDA:83,5,1,0
BRDA:85,6,0,3
BRDA:85,6,1,0
BRDA:85,6,2,0
BRDA:95,7,0,0
BRDA:95,7,1,3
BRDA:95,8,0,3
BRDA:95,8,1,0
BRDA:108,9,0,0
BRDA:108,9,1,3
BRDA:108,10,0,3
BRDA:108,10,1,0
BRDA:111,11,0,3
BRDA:111,11,1,0
BRDA:111,11,2,0
BRF:27
BRH:12
end_of_record
TN:
SF:src\components\LoadingProcessPayment.tsx
FN:3,(anonymous_0)
FNF:1
FNH:0
FNDA:0,(anonymous_0)
DA:3,2
DA:4,0
DA:12,2
LF:3
LH:2
BRF:0
BRH:0
end_of_record
TN:
SF:src\components\Steps.tsx
FN:8,(anonymous_0)
FN:11,(anonymous_1)
FNF:2
FNH:2
FNDA:3,(anonymous_0)
FNDA:9,(anonymous_1)
DA:8,2
DA:9,3
DA:12,9
DA:25,2
LF:4
LH:4
BRDA:12,0,0,3
BRDA:12,0,1,6
BRDA:14,1,0,3
BRDA:14,1,1,6
BRDA:18,2,0,3
BRDA:18,2,1,6
BRF:6
BRH:6
end_of_record
TN:
SF:src\redux\store.ts
FNF:0
FNH:0
DA:1,3
DA:2,3
DA:3,3
LF:3
LH:3
BRF:0
BRH:0
end_of_record
TN:
SF:src\redux\slices\paymentSlice.ts
FN:8,(anonymous_0)
FN:30,(anonymous_1)
FN:34,(anonymous_2)
FN:38,(anonymous_3)
FN:44,(anonymous_4)
FNF:5
FNH:5
FNDA:5,(anonymous_0)
FNDA:2,(anonymous_1)
FNDA:1,(anonymous_2)
FNDA:1,(anonymous_3)
FNDA:1,(anonymous_4)
DA:1,5
DA:5,5
DA:6,5
DA:8,5
DA:9,5
DA:10,5
DA:11,5
DA:12,5
DA:13,5
DA:21,5
DA:26,5
DA:31,2
DA:32,2
DA:35,1
DA:36,1
DA:39,1
DA:40,1
DA:41,1
DA:42,1
DA:45,1
DA:50,5
DA:52,5
LF:22
LH:22
BRDA:8,0,0,5
BRDA:8,0,1,5
BRDA:22,1,0,5
BRDA:22,1,1,5
BRDA:23,2,0,5
BRDA:23,2,1,5
BRF:6
BRH:6
end_of_record
TN:
SF:src\services\simulateApi.service.ts
FN:1,(anonymous_0)
FN:3,(anonymous_1)
FN:4,(anonymous_2)
FNF:3
FNH:0
FNDA:0,(anonymous_0)
FNDA:0,(anonymous_1)
FNDA:0,(anonymous_2)
DA:1,2
DA:2,0
DA:3,0
DA:4,0
DA:5,0
DA:6,0
DA:8,0
LF:7
LH:1
BRDA:5,0,0,0
BRDA:5,0,1,0
BRF:2
BRH:0
end_of_record
TN:
SF:src\utils\identifyCardType.ts
FN:1,(anonymous_0)
FNF:1
FNH:1
FNDA:4,(anonymous_0)
DA:1,3
DA:2,4
DA:3,1
DA:4,3
DA:5,1
DA:6,2
DA:7,1
DA:9,1
DA:13,3
LF:9
LH:9
BRDA:2,0,0,1
BRDA:2,0,1,3
BRDA:4,1,0,1
BRDA:4,1,1,2
BRDA:6,2,0,1
BRDA:6,2,1,1
BRF:6
BRH:6
end_of_record
TN:
SF:src\utils\isExpirationDateValid.ts
FN:1,(anonymous_0)
FNF:1
FNH:1
FNDA:4,(anonymous_0)
DA:1,3
DA:2,4
DA:4,3
DA:5,3
DA:6,3
DA:7,3
DA:9,3
DA:11,1
DA:14,3
LF:9
LH:9
BRDA:2,0,0,1
BRDA:2,1,0,4
BRDA:2,1,1,4
BRDA:9,2,0,2
BRDA:9,3,0,3
BRDA:9,3,1,1
BRDA:9,3,2,0
BRF:7
BRH:6
end_of_record
TN:
SF:src\utils\logos.ts
FNF:0
FNH:0
DA:1,2
DA:2,2
DA:3,2
DA:5,2
DA:11,2
LF:5
LH:5
BRF:0
BRH:0
end_of_record
TN:
SF:src\views\Product.tsx
FN:9,(anonymous_1)
FN:34,(anonymous_2)
FN:49,(anonymous_3)
FN:51,(anonymous_4)
FNF:4
FNH:3
FNDA:1,(anonymous_1)
FNDA:1,(anonymous_2)
FNDA:1,(anonymous_3)
FNDA:0,(anonymous_4)
DA:1,2
DA:2,2
DA:3,2
DA:4,2
DA:5,2
DA:6,2
DA:9,2
DA:10,1
DA:34,2
DA:35,1
DA:49,2
DA:50,1
DA:51,1
DA:52,0
DA:55,1
DA:89,2
LF:16
LH:15
BRF:0
BRH:0
end_of_record
